15:10:07.573 [main] INFO  testcase.Signin_Existinguser - ***** pop up Accessed successfully *******
18:10:55.229 [main] INFO  testcase.Signin_Existinguser - ***** pop up Accessed successfully *******
18:10:58.711 [main] INFO  testcase.Signin_Existinguser - ***** Log in successfully *******
18:13:22.985 [main] INFO  testcase.Signin_Existinguser - ***** pop up Accessed successfully *******
18:13:26.482 [main] INFO  testcase.Signin_Existinguser - ***** Log in successfully *******
18:17:46.154 [main] INFO  testcase.Signin_Existinguser - ***** pop up Accessed successfully *******
18:17:49.658 [main] INFO  testcase.Signin_Existinguser - ***** Log in successfully *******
18:20:17.658 [main] INFO  testcase.Signin_Existinguser - ***** pop up Accessed successfully *******
18:20:21.208 [main] INFO  testcase.Signin_Existinguser - ***** Log in successfully *******
18:22:59.721 [main] INFO  testcase.Signin_Existinguser - ***** pop up Accessed successfully *******
18:23:03.228 [main] INFO  testcase.Signin_Existinguser - ***** Log in successfully *******
18:32:56.911 [main] INFO  testcase.Signin_Existinguser - ***** pop up Accessed successfully *******
18:33:00.505 [main] INFO  testcase.Signin_Existinguser - ***** Log in successfully *******
18:35:54.659 [main] INFO  testcase.Signin_Existinguser - ***** pop up Accessed successfully *******
18:35:58.214 [main] INFO  testcase.Signin_Existinguser - ***** Log in successfully *******
18:39:16.588 [main] INFO  testcase.Signin_Existinguser - ***** pop up Accessed successfully *******
18:39:20.094 [main] INFO  testcase.Signin_Existinguser - ***** Log in successfully *******
18:43:26.817 [main] INFO  testcase.Signin_Existinguser - ***** pop up Accessed successfully *******
18:43:30.319 [main] INFO  testcase.Signin_Existinguser - ***** Log in successfully *******
18:43:49.313 [main] INFO  testcase.Userprofile_assesments - Assesements by default is updated
10:41:33.864 [main] INFO  testcase.Signin_Existinguser - ***** pop up Accessed successfully *******
10:41:37.912 [main] INFO  testcase.Signin_Existinguser - ***** Log in successfully *******
10:43:05.587 [main] INFO  testcase.Signin_Existinguser - ***** pop up Accessed successfully *******
10:43:09.401 [main] INFO  testcase.Signin_Existinguser - ***** Log in successfully *******
11:00:13.779 [main] INFO  testcase.Signin_Existinguser - ***** pop up Accessed successfully *******
11:00:17.694 [main] INFO  testcase.Signin_Existinguser - ***** Log in successfully *******
11:56:44.074 [main] INFO  testcase.Signin_Existinguser - ***** pop up Accessed successfully *******
11:56:47.448 [main] INFO  testcase.Signin_Existinguser - ***** Log in successfully *******
11:59:28.593 [main] INFO  testcase.Signin_Existinguser - ***** pop up Accessed successfully *******
11:59:32.453 [main] INFO  testcase.Signin_Existinguser - ***** Log in successfully *******
12:02:17.664 [main] INFO  testcase.Signin_Existinguser - ***** pop up Accessed successfully *******
12:02:21.582 [main] INFO  testcase.Signin_Existinguser - ***** Log in successfully *******
12:05:31.491 [main] INFO  testcase.Signin_Existinguser - ***** pop up Accessed successfully *******
12:05:35.352 [main] INFO  testcase.Signin_Existinguser - ***** Log in successfully *******
12:20:10.081 [main] INFO  testcase.Signin_Existinguser - ***** pop up Accessed successfully *******
12:20:13.938 [main] INFO  testcase.Signin_Existinguser - ***** Log in successfully *******
12:44:30.507 [main] INFO  testcase.Signin_Existinguser - ***** pop up Accessed successfully *******
12:44:33.971 [main] INFO  testcase.Signin_Existinguser - ***** Log in successfully *******
12:47:05.006 [main] INFO  testcase.Signin_Existinguser - ***** pop up Accessed successfully *******
12:47:08.556 [main] INFO  testcase.Signin_Existinguser - ***** Log in successfully *******
13:18:19.070 [main] INFO  testcase.Signin_Existinguser - ***** pop up Accessed successfully *******
13:18:22.734 [main] INFO  testcase.Signin_Existinguser - ***** Log in successfully *******
14:33:51.906 [main] INFO  testcase.Signin_Existinguser - ***** pop up Accessed successfully *******
14:33:55.278 [main] INFO  testcase.Signin_Existinguser - ***** Log in successfully *******
14:37:39.084 [main] INFO  testcase.Signin_Existinguser - ***** pop up Accessed successfully *******
14:37:42.616 [main] INFO  testcase.Signin_Existinguser - ***** Log in successfully *******
14:39:10.637 [main] INFO  testcase.Signin_Existinguser - ***** pop up Accessed successfully *******
14:39:14.099 [main] INFO  testcase.Signin_Existinguser - ***** Log in successfully *******
14:41:28.422 [main] INFO  testcase.Signin_Existinguser - ***** pop up Accessed successfully *******
14:41:31.976 [main] INFO  testcase.Signin_Existinguser - ***** Log in successfully *******
14:43:29.695 [main] INFO  testcase.Signin_Existinguser - ***** pop up Accessed successfully *******
14:43:33.221 [main] INFO  testcase.Signin_Existinguser - ***** Log in successfully *******
14:45:14.790 [main] INFO  testcase.Signin_Existinguser - ***** pop up Accessed successfully *******
14:45:18.334 [main] INFO  testcase.Signin_Existinguser - ***** Log in successfully *******
14:59:32.591 [main] INFO  testcase.Signin_Existinguser - ***** pop up Accessed successfully *******
14:59:36.179 [main] INFO  testcase.Signin_Existinguser - ***** Log in successfully *******
15:01:00.119 [main] INFO  testcase.Signin_Existinguser - ***** pop up Accessed successfully *******
15:01:03.594 [main] INFO  testcase.Signin_Existinguser - ***** Log in successfully *******
15:06:02.776 [main] INFO  testcase.Signin_Existinguser - ***** pop up Accessed successfully *******
15:06:06.260 [main] INFO  testcase.Signin_Existinguser - ***** Log in successfully *******
15:17:09.745 [main] INFO  testcase.Signin_Existinguser - ***** pop up Accessed successfully *******
15:17:13.184 [main] INFO  testcase.Signin_Existinguser - ***** Log in successfully *******
15:53:03.808 [main] INFO  testcase.Signin_Existinguser - ***** pop up Accessed successfully *******
15:53:07.293 [main] INFO  testcase.Signin_Existinguser - ***** Log in successfully *******
15:55:57.944 [main] INFO  testcase.Signin_Existinguser - ***** pop up Accessed successfully *******
15:56:01.481 [main] INFO  testcase.Signin_Existinguser - ***** Log in successfully *******
15:58:21.837 [main] INFO  testcase.Signin_Existinguser - ***** pop up Accessed successfully *******
15:58:25.883 [main] INFO  testcase.Signin_Existinguser - ***** Log in successfully *******
16:00:08.363 [main] INFO  testcase.Signin_Existinguser - ***** pop up Accessed successfully *******
16:00:12.131 [main] INFO  testcase.Signin_Existinguser - ***** Log in successfully *******
16:02:18.730 [main] INFO  testcase.Signin_Existinguser - ***** pop up Accessed successfully *******
16:02:22.813 [main] INFO  testcase.Signin_Existinguser - ***** Log in successfully *******
16:22:30.117 [main] INFO  testcase.Signin_Existinguser - ***** pop up Accessed successfully *******
16:22:34.122 [main] INFO  testcase.Signin_Existinguser - ***** Log in successfully *******
16:24:28.382 [main] INFO  testcase.Signin_Existinguser - ***** pop up Accessed successfully *******
16:24:32.190 [main] INFO  testcase.Signin_Existinguser - ***** Log in successfully *******
16:33:49.827 [main] INFO  testcase.Signin_Existinguser - ***** pop up Accessed successfully *******
16:33:53.768 [main] INFO  testcase.Signin_Existinguser - ***** Log in successfully *******
16:35:40.455 [main] INFO  testcase.Signin_Existinguser - ***** pop up Accessed successfully *******
16:35:44.421 [main] INFO  testcase.Signin_Existinguser - ***** Log in successfully *******
18:28:50.372 [main] INFO  testcase.Signin_Existinguser - ***** pop up Accessed successfully *******
18:28:54.436 [main] INFO  testcase.Signin_Existinguser - ***** Log in successfully *******
18:31:29.267 [main] INFO  testcase.Signin_Existinguser - ***** pop up Accessed successfully *******
18:31:33.177 [main] INFO  testcase.Signin_Existinguser - ***** Log in successfully *******
18:55:43.024 [main] INFO  testcase.Signin_Existinguser - ***** pop up Accessed successfully *******
18:55:46.441 [main] INFO  testcase.Signin_Existinguser - ***** Log in successfully *******
18:57:26.098 [main] INFO  testcase.Signin_Existinguser - ***** pop up Accessed successfully *******
18:57:29.579 [main] INFO  testcase.Signin_Existinguser - ***** Log in successfully *******
19:03:45.654 [main] INFO  testcase.Signin_Existinguser - ***** pop up Accessed successfully *******
19:03:49.216 [main] INFO  testcase.Signin_Existinguser - ***** Log in successfully *******
19:06:39.128 [main] INFO  testcase.Signin_Existinguser - ***** pop up Accessed successfully *******
19:06:42.555 [main] INFO  testcase.Signin_Existinguser - ***** Log in successfully *******
09:52:38.308 [main] INFO  testcase.Signin_Existinguser - ***** pop up Accessed successfully *******
09:52:42.325 [main] INFO  testcase.Signin_Existinguser - ***** Log in successfully *******
12:06:38.983 [main] INFO  testcase.Signin_Existinguser - ***** pop up Accessed successfully *******
12:06:42.895 [main] INFO  testcase.Signin_Existinguser - ***** Log in successfully *******
12:06:46.968 [main] INFO  testcase.Register_Sample_Cat_Gut - Gut sample registration process has been started
12:12:28.463 [main] INFO  testcase.Signin_Existinguser - ***** pop up Accessed successfully *******
12:12:32.335 [main] INFO  testcase.Signin_Existinguser - ***** Log in successfully *******
12:12:36.423 [main] INFO  testcase.Register_Sample_Cat_Gut - Gut sample registration process has been started
12:20:12.812 [main] INFO  testcase.Signin_Existinguser - ***** pop up Accessed successfully *******
12:20:16.653 [main] INFO  testcase.Signin_Existinguser - ***** Log in successfully *******
12:20:20.711 [main] INFO  testcase.Register_Sample_Cat_Gut - Gut sample registration process has been started
15:01:13.498 [main] INFO  testcase.Signin_Existinguser - ***** pop up Accessed successfully *******
15:01:17.129 [main] INFO  testcase.Signin_Existinguser - ***** Log in successfully *******
15:01:21.189 [main] INFO  testcase.Register_Sample_Cat_Gut - Gut sample registration process has been started
15:07:10.931 [main] INFO  testcase.Signin_Existinguser - ***** pop up Accessed successfully *******
15:07:14.936 [main] INFO  testcase.Signin_Existinguser - ***** Log in successfully *******
15:07:19.003 [main] INFO  testcase.Register_Sample_Cat_Gut - Gut sample registration process has been started
15:11:05.840 [main] INFO  testcase.Signin_Existinguser - ***** pop up Accessed successfully *******
15:11:09.804 [main] INFO  testcase.Signin_Existinguser - ***** Log in successfully *******
15:11:13.889 [main] INFO  testcase.Register_Sample_Cat_Gut - Gut sample registration process has been started
15:25:14.055 [main] INFO  testcase.Signin_Existinguser - ***** pop up Accessed successfully *******
15:25:17.546 [main] INFO  testcase.Signin_Existinguser - ***** Log in successfully *******
15:25:21.586 [main] INFO  testcase.Register_Sample_Cat_Gut - Gut sample registration process has been started
16:51:55.789 [main] INFO  testcase.Signin_Existinguser - ***** pop up Accessed successfully *******
16:51:59.319 [main] INFO  testcase.Signin_Existinguser - ***** Log in successfully *******
16:52:03.368 [main] INFO  testcase.Register_Sample_Cat_Gut - Gut sample registration process has been started
17:25:09.292 [main] INFO  testcase.Signin_Existinguser - ***** pop up Accessed successfully *******
17:25:12.808 [main] INFO  testcase.Signin_Existinguser - ***** Log in successfully *******
17:25:16.843 [main] INFO  testcase.Register_Sample_Cat_Gut - Gut sample registration process has been started
17:28:38.181 [main] INFO  testcase.Signin_Existinguser - ***** pop up Accessed successfully *******
17:28:41.796 [main] INFO  testcase.Signin_Existinguser - ***** Log in successfully *******
17:28:45.846 [main] INFO  testcase.Register_Sample_Cat_Gut - Gut sample registration process has been started
17:32:40.863 [main] INFO  testcase.Signin_Existinguser - ***** pop up Accessed successfully *******
17:32:44.623 [main] INFO  testcase.Signin_Existinguser - ***** Log in successfully *******
17:32:48.664 [main] INFO  testcase.Register_Sample_Cat_Gut - Gut sample registration process has been started
17:38:06.391 [main] INFO  testcase.Signin_Existinguser - ***** pop up Accessed successfully *******
17:42:22.285 [main] INFO  testcase.Signin_Existinguser - ***** pop up Accessed successfully *******
17:42:26.294 [main] INFO  testcase.Signin_Existinguser - ***** Log in successfully *******
17:42:30.398 [main] INFO  testcase.Register_Sample_Cat_Gut - Gut sample registration process has been started
17:49:35.094 [main] INFO  testcase.Signin_Existinguser - ***** pop up Accessed successfully *******
17:49:39.048 [main] INFO  testcase.Signin_Existinguser - ***** Log in successfully *******
17:49:43.120 [main] INFO  testcase.Register_Sample_Cat_Gut - Gut sample registration process has been started
17:54:10.296 [main] INFO  testcase.Signin_Existinguser - ***** pop up Accessed successfully *******
17:54:14.340 [main] INFO  testcase.Signin_Existinguser - ***** Log in successfully *******
17:54:18.396 [main] INFO  testcase.Register_Sample_Cat_Gut - Gut sample registration process has been started
17:55:27.543 [main] INFO  testcase.Register_Sample_Cat_Gut - Gut sample registration process has been completed
18:12:39.862 [main] INFO  testcase.Signin_Existinguser - ***** pop up Accessed successfully *******
18:12:43.834 [main] INFO  testcase.Signin_Existinguser - ***** Log in successfully *******
18:12:47.895 [main] INFO  testcase.Register_Sample_Cat_Oral - Oral sample registration process has been started
18:15:47.958 [main] INFO  testcase.Signin_Existinguser - ***** pop up Accessed successfully *******
18:15:51.820 [main] INFO  testcase.Signin_Existinguser - ***** Log in successfully *******
18:15:55.880 [main] INFO  testcase.Register_Sample_Cat_Oral - Oral sample registration process has been started
18:18:08.492 [main] INFO  testcase.Signin_Existinguser - ***** pop up Accessed successfully *******
18:18:12.400 [main] INFO  testcase.Signin_Existinguser - ***** Log in successfully *******
18:18:16.452 [main] INFO  testcase.Register_Sample_Cat_Oral - Oral sample registration process has been started
18:19:19.027 [main] INFO  testcase.Register_Sample_Cat_Oral - Oral sample registration process has been completed
10:26:30.957 [main] INFO  testcase.Signin_Existinguser - ***** pop up Accessed successfully *******
10:26:34.424 [main] INFO  testcase.Signin_Existinguser - ***** Log in successfully *******
10:26:38.474 [main] INFO  testcase.My_Account_Register_Oralsample - Oral sample registration process has been started
10:27:44.003 [main] INFO  testcase.My_Account_Register_Oralsample - Oral sample registration process has been completed
10:46:31.076 [main] INFO  testcase.Signin_Existinguser - ***** pop up Accessed successfully *******
10:46:34.412 [main] INFO  testcase.Signin_Existinguser - ***** Log in successfully *******
10:48:24.303 [main] INFO  testcase.Signin_Existinguser - ***** pop up Accessed successfully *******
10:48:27.824 [main] INFO  testcase.Signin_Existinguser - ***** Log in successfully *******
10:50:57.084 [main] INFO  testcase.Signin_Existinguser - ***** pop up Accessed successfully *******
10:51:00.483 [main] INFO  testcase.Signin_Existinguser - ***** Log in successfully *******
10:56:24.601 [main] INFO  testcase.Signin_Existinguser - ***** pop up Accessed successfully *******
10:56:28.134 [main] INFO  testcase.Signin_Existinguser - ***** Log in successfully *******
10:58:13.483 [main] INFO  testcase.Signin_Existinguser - ***** pop up Accessed successfully *******
10:58:17.021 [main] INFO  testcase.Signin_Existinguser - ***** Log in successfully *******
11:43:41.534 [main] INFO  testcase.Signin_Existinguser - ***** pop up Accessed successfully *******
11:43:45.020 [main] INFO  testcase.Signin_Existinguser - ***** Log in successfully *******
11:49:49.254 [main] INFO  testcase.Signin_Existinguser - ***** pop up Accessed successfully *******
11:49:52.761 [main] INFO  testcase.Signin_Existinguser - ***** Log in successfully *******
14:21:21.030 [main] INFO  testcase.Signin_Existinguser - ***** pop up Accessed successfully *******
14:21:24.838 [main] INFO  testcase.Signin_Existinguser - ***** Log in successfully *******
14:21:31.081 [main] INFO  testcase.Add_Pet_btn - Add pet button clicked successfully
14:24:03.725 [main] INFO  testcase.Signin_Existinguser - ***** pop up Accessed successfully *******
14:24:07.596 [main] INFO  testcase.Signin_Existinguser - ***** Log in successfully *******
14:24:13.837 [main] INFO  testcase.Add_Pet_btn - Add pet button clicked successfully
15:38:10.221 [main] INFO  testcase.Signin_Existinguser - ***** pop up Accessed successfully *******
15:38:14.230 [main] INFO  testcase.Signin_Existinguser - ***** Log in successfully *******
15:38:20.371 [main] INFO  testcase.Add_Pet_btn - Add pet button clicked successfully
15:46:06.728 [main] INFO  testcase.Signin_Existinguser - ***** pop up Accessed successfully *******
15:46:10.260 [main] INFO  testcase.Signin_Existinguser - ***** Log in successfully *******
15:46:16.171 [main] INFO  testcase.Add_Pet_btn - Add pet button clicked successfully
15:50:26.754 [main] INFO  testcase.Signin_Existinguser - ***** pop up Accessed successfully *******
15:50:30.288 [main] INFO  testcase.Signin_Existinguser - ***** Log in successfully *******
15:50:36.193 [main] INFO  testcase.Add_Pet_btn - Add pet button clicked successfully
15:54:54.546 [main] INFO  testcase.Signin_Existinguser - ***** pop up Accessed successfully *******
15:54:58.098 [main] INFO  testcase.Signin_Existinguser - ***** Log in successfully *******
15:55:04.024 [main] INFO  testcase.Add_Pet_btn - Add pet button clicked successfully
16:00:51.525 [main] INFO  testcase.Signin_Existinguser - ***** pop up Accessed successfully *******
16:00:55.117 [main] INFO  testcase.Signin_Existinguser - ***** Log in successfully *******
16:01:01.084 [main] INFO  testcase.Add_Pet_btn - Add pet button clicked successfully
16:10:58.142 [main] INFO  testcase.Signin_Existinguser - ***** pop up Accessed successfully *******
16:11:01.634 [main] INFO  testcase.Signin_Existinguser - ***** Log in successfully *******
16:11:07.556 [main] INFO  testcase.Add_Pet_btn - Add pet button clicked successfully
16:12:31.807 [main] INFO  testcase.Add_Cat_None - pet details added successfully by selecting None
17:09:11.105 [main] INFO  testcase.Signin_Existinguser - ***** pop up Accessed successfully *******
17:09:14.453 [main] INFO  testcase.Signin_Existinguser - ***** Log in successfully *******
17:09:20.233 [main] INFO  testcase.Add_Pet_btn - Add pet button clicked successfully
17:10:43.903 [main] INFO  testcase.Add_Cat_None - pet details added successfully by selecting None
17:40:01.114 [main] INFO  testcase.Signin_Existinguser - ***** pop up Accessed successfully *******
17:40:04.658 [main] INFO  testcase.Signin_Existinguser - ***** Log in successfully *******
17:41:08.401 [main] INFO  testcase.Signin_Existinguser - ***** pop up Accessed successfully *******
17:41:11.928 [main] INFO  testcase.Signin_Existinguser - ***** Log in successfully *******
17:42:37.849 [main] INFO  testcase.RegisterSample_Addpet_Cat - pet details added successfully
18:19:23.126 [main] INFO  testcase.Signin_Existinguser - ***** pop up Accessed successfully *******
18:19:27.102 [main] INFO  testcase.Signin_Existinguser - ***** Log in successfully *******
18:19:27.161 [main] INFO  testcase.Dog_onlyImage - ***Started adding dog with image****
18:21:40.131 [main] INFO  testcase.Signin_Existinguser - ***** pop up Accessed successfully *******
18:21:44.154 [main] INFO  testcase.Signin_Existinguser - ***** Log in successfully *******
18:21:44.253 [main] INFO  testcase.Dog_onlyImage - ***Started adding dog with image****
18:23:45.607 [main] INFO  testcase.Signin_Existinguser - ***** pop up Accessed successfully *******
18:23:49.640 [main] INFO  testcase.Signin_Existinguser - ***** Log in successfully *******
18:23:49.742 [main] INFO  testcase.Dog_onlyImage - ***Started adding dog with image****
18:31:01.903 [main] INFO  testcase.Signin_Existinguser - ***** pop up Accessed successfully *******
18:31:06.037 [main] INFO  testcase.Signin_Existinguser - ***** Log in successfully *******
18:31:06.217 [main] INFO  testcase.Dog_onlyImage - ***Started adding dog with image****
18:36:16.864 [main] INFO  testcase.Signin_Existinguser - ***** pop up Accessed successfully *******
18:36:20.866 [main] INFO  testcase.Signin_Existinguser - ***** Log in successfully *******
18:36:20.905 [main] INFO  testcase.Dog_onlyImage - ***Started adding dog with image****
18:43:09.359 [main] INFO  testcase.Signin_Existinguser - ***** pop up Accessed successfully *******
18:43:13.419 [main] INFO  testcase.Signin_Existinguser - ***** Log in successfully *******
18:43:13.551 [main] INFO  testcase.Dog_onlyImage - ***Started adding dog with image****
12:34:18.971 [main] INFO  testcase.Signin_Existinguser - ***** pop up Accessed successfully *******
12:34:22.514 [main] INFO  testcase.Signin_Existinguser - ***** Log in successfully *******
12:34:22.560 [main] INFO  testcase.Cat_Img_VetDetails - Started adding mypet details
12:35:37.655 [main] INFO  testcase.Cat_Img_VetDetails - My pet section has been added successfully
12:47:52.683 [main] INFO  testcase.Signin_Existinguser - ***** pop up Accessed successfully *******
12:47:56.333 [main] INFO  testcase.Signin_Existinguser - ***** Log in successfully *******
12:47:56.373 [main] INFO  testcase.Cat_Img_VetDetails - Started adding mypet details
12:49:01.397 [main] INFO  testcase.Cat_Img_VetDetails - My pet section has been added successfully
12:49:01.412 [main] INFO  testcase.Cat_Img_VetDetails - Started adding pet health details
14:57:49.771 [main] INFO  testcase.Signin_Existinguser - ***** pop up Accessed successfully *******
14:57:53.476 [main] INFO  testcase.Signin_Existinguser - ***** Log in successfully *******
14:57:53.518 [main] INFO  testcase.Cat_Img_VetDetails - Started adding mypet details
14:59:02.081 [main] INFO  testcase.Cat_Img_VetDetails - My pet section has been added successfully
14:59:02.092 [main] INFO  testcase.Cat_Img_VetDetails - Started adding pet health details
15:05:08.129 [main] INFO  testcase.Signin_Existinguser - ***** pop up Accessed successfully *******
15:05:11.929 [main] INFO  testcase.Signin_Existinguser - ***** Log in successfully *******
15:05:11.966 [main] INFO  testcase.Cat_Img_VetDetails - Started adding mypet details
15:05:37.212 [main] INFO  testcase.Cat_Img_VetDetails - Started adding pet health details
15:07:38.859 [main] INFO  testcase.Signin_Existinguser - ***** pop up Accessed successfully *******
15:07:42.779 [main] INFO  testcase.Signin_Existinguser - ***** Log in successfully *******
15:07:42.816 [main] INFO  testcase.Cat_Img_VetDetails - Started adding mypet details
15:08:50.034 [main] INFO  testcase.Cat_Img_VetDetails - My pet section has been added successfully
15:08:50.053 [main] INFO  testcase.Cat_Img_VetDetails - Started adding pet health details
15:11:51.230 [main] INFO  testcase.Signin_Existinguser - ***** pop up Accessed successfully *******
15:11:55.183 [main] INFO  testcase.Signin_Existinguser - ***** Log in successfully *******
15:11:55.270 [main] INFO  testcase.Cat_Img_VetDetails - Started adding mypet details
15:13:02.588 [main] INFO  testcase.Cat_Img_VetDetails - My pet section has been added successfully
15:13:02.599 [main] INFO  testcase.Cat_Img_VetDetails - Started adding pet health details
16:13:39.969 [main] INFO  testcase.Signin_Existinguser - ***** pop up Accessed successfully *******
16:13:43.961 [main] INFO  testcase.Signin_Existinguser - ***** Log in successfully *******
16:13:44.013 [main] INFO  testcase.Cat_Img_VetDetails - Started adding mypet details
16:14:51.150 [main] INFO  testcase.Cat_Img_VetDetails - My pet section has been added successfully
16:14:51.163 [main] INFO  testcase.Cat_Img_VetDetails - Started adding pet health details
16:20:03.582 [main] INFO  testcase.Cat_Img_VetDetails - Adding pet health details successfully
16:20:05.599 [main] INFO  testcase.Cat_Img_VetDetails - Started adding Vet details
17:15:24.148 [main] INFO  testcase.Signin_Existinguser - ***** pop up Accessed successfully *******
17:15:27.942 [main] INFO  testcase.Signin_Existinguser - ***** Log in successfully *******
17:15:28.059 [main] INFO  testcase.Cat_Img_VetDetails - Started adding mypet details
17:16:35.713 [main] INFO  testcase.Cat_Img_VetDetails - My pet section has been added successfully
17:16:35.733 [main] INFO  testcase.Cat_Img_VetDetails - Started adding pet health details
17:21:40.240 [main] INFO  testcase.Cat_Img_VetDetails - Adding pet health details successfully
17:21:42.256 [main] INFO  testcase.Cat_Img_VetDetails - Started adding Vet details
17:47:05.726 [main] INFO  testcase.Signin_Existinguser - ***** pop up Accessed successfully *******
17:47:09.327 [main] INFO  testcase.Signin_Existinguser - ***** Log in successfully *******
17:47:09.364 [main] INFO  testcase.Cat_Img_VetDetails - Started adding mypet details
17:48:14.375 [main] INFO  testcase.Cat_Img_VetDetails - My pet section has been added successfully
17:48:14.389 [main] INFO  testcase.Cat_Img_VetDetails - Started adding pet health details
17:53:06.748 [main] INFO  testcase.Cat_Img_VetDetails - Adding pet health details successfully
17:53:08.776 [main] INFO  testcase.Cat_Img_VetDetails - Started adding Vet details
17:56:35.988 [main] INFO  testcase.Signin_Existinguser - ***** pop up Accessed successfully *******
17:56:39.531 [main] INFO  testcase.Signin_Existinguser - ***** Log in successfully *******
17:56:39.568 [main] INFO  testcase.Cat_Img_VetDetails - Started adding mypet details
17:57:44.387 [main] INFO  testcase.Cat_Img_VetDetails - My pet section has been added successfully
17:57:44.399 [main] INFO  testcase.Cat_Img_VetDetails - Started adding pet health details
18:02:30.782 [main] INFO  testcase.Cat_Img_VetDetails - Adding pet health details successfully
18:02:32.797 [main] INFO  testcase.Cat_Img_VetDetails - Started adding Vet details
18:18:08.803 [main] INFO  testcase.Signin_Existinguser - ***** pop up Accessed successfully *******
18:18:12.363 [main] INFO  testcase.Signin_Existinguser - ***** Log in successfully *******
18:18:12.405 [main] INFO  testcase.Cat_Img_VetDetails - Started adding mypet details
18:19:17.117 [main] INFO  testcase.Cat_Img_VetDetails - My pet section has been added successfully
18:19:17.128 [main] INFO  testcase.Cat_Img_VetDetails - Started adding pet health details
18:24:08.905 [main] INFO  testcase.Cat_Img_VetDetails - Adding pet health details successfully
18:24:10.921 [main] INFO  testcase.Cat_Img_VetDetails - Started adding Vet details
18:24:35.266 [main] INFO  testcase.Cat_Img_VetDetails - Vet details added successfully
18:31:55.659 [main] INFO  testcase.Signin_Existinguser - ***** pop up Accessed successfully *******
18:31:59.115 [main] INFO  testcase.Signin_Existinguser - ***** Log in successfully *******
18:31:59.156 [main] INFO  testcase.Cat_Img_VetDetails - Started adding mypet details
18:33:04.391 [main] INFO  testcase.Cat_Img_VetDetails - My pet section has been added successfully
18:33:04.406 [main] INFO  testcase.Cat_Img_VetDetails - Started adding pet health details
18:37:53.950 [main] INFO  testcase.Cat_Img_VetDetails - Adding pet health details successfully
18:37:55.972 [main] INFO  testcase.Cat_Img_VetDetails - Started adding Vet details
18:38:20.190 [main] INFO  testcase.Cat_Img_VetDetails - Vet details added successfully
10:09:10.941 [main] INFO  testcase.Signin_Existinguser - ***** pop up Accessed successfully *******
10:09:14.894 [main] INFO  testcase.Signin_Existinguser - ***** Log in successfully *******
10:09:15.035 [main] INFO  testcase.Cat_Img_VetDetails - Started adding mypet details
10:10:22.047 [main] INFO  testcase.Cat_Img_VetDetails - My pet section has been added successfully
10:10:22.060 [main] INFO  testcase.Cat_Img_VetDetails - Started adding pet health details
10:15:32.276 [main] INFO  testcase.Cat_Img_VetDetails - Adding pet health details successfully
10:15:34.286 [main] INFO  testcase.Cat_Img_VetDetails - Started adding Vet details
10:15:59.164 [main] INFO  testcase.Cat_Img_VetDetails - Vet details added successfully
10:21:31.242 [main] INFO  testcase.Signin_Existinguser - ***** pop up Accessed successfully *******
10:21:34.828 [main] INFO  testcase.Signin_Existinguser - ***** Log in successfully *******
10:21:34.872 [main] INFO  testcase.Cat_Img_VetDetails - Started adding mypet details
10:22:00.499 [main] INFO  testcase.Cat_Img_VetDetails - Started adding pet health details
10:22:09.884 [main] INFO  testcase.Cat_Img_VetDetails - Started adding Vet details
10:26:58.222 [main] INFO  testcase.Signin_Existinguser - ***** pop up Accessed successfully *******
10:27:02.246 [main] INFO  testcase.Signin_Existinguser - ***** Log in successfully *******
10:27:02.355 [main] INFO  testcase.Cat_Img_VetDetails - Started adding mypet details
10:28:11.162 [main] INFO  testcase.Cat_Img_VetDetails - My pet section has been added successfully
10:28:11.174 [main] INFO  testcase.Cat_Img_VetDetails - Started adding pet health details
10:33:24.235 [main] INFO  testcase.Cat_Img_VetDetails - Adding pet health details successfully
10:33:26.252 [main] INFO  testcase.Cat_Img_VetDetails - Started adding Vet details
10:33:51.636 [main] INFO  testcase.Cat_Img_VetDetails - Vet details added successfully
10:37:42.621 [main] INFO  testcase.Signin_Existinguser - ***** pop up Accessed successfully *******
10:37:46.340 [main] INFO  testcase.Signin_Existinguser - ***** Log in successfully *******
10:37:46.393 [main] INFO  testcase.Cat_Img_VetDetails - Started adding mypet details
10:38:54.531 [main] INFO  testcase.Cat_Img_VetDetails - My pet section has been added successfully
10:38:54.543 [main] INFO  testcase.Cat_Img_VetDetails - Started adding pet health details
10:44:11.000 [main] INFO  testcase.Cat_Img_VetDetails - Adding pet health details successfully
10:44:13.027 [main] INFO  testcase.Cat_Img_VetDetails - Started adding Vet details
10:44:37.939 [main] INFO  testcase.Cat_Img_VetDetails - Vet details added successfully
10:51:53.407 [main] INFO  testcase.Signin_Existinguser - ***** pop up Accessed successfully *******
10:51:57.209 [main] INFO  testcase.Signin_Existinguser - ***** Log in successfully *******
10:51:57.242 [main] INFO  testcase.Cat_Img_VetDetails - Started adding mypet details
10:53:05.581 [main] INFO  testcase.Cat_Img_VetDetails - My pet section has been added successfully
10:53:05.596 [main] INFO  testcase.Cat_Img_VetDetails - Started adding pet health details
10:58:19.058 [main] INFO  testcase.Cat_Img_VetDetails - Adding pet health details successfully
10:58:21.087 [main] INFO  testcase.Cat_Img_VetDetails - Started adding Vet details
10:58:46.394 [main] INFO  testcase.Cat_Img_VetDetails - Vet details added successfully
11:01:29.217 [main] INFO  testcase.Signin_Existinguser - ***** pop up Accessed successfully *******
11:01:33.125 [main] INFO  testcase.Signin_Existinguser - ***** Log in successfully *******
11:01:33.160 [main] INFO  testcase.Cat_Img_VetDetails - Started adding mypet details
11:02:40.661 [main] INFO  testcase.Cat_Img_VetDetails - My pet section has been added successfully
11:02:40.678 [main] INFO  testcase.Cat_Img_VetDetails - Started adding pet health details
11:07:25.594 [main] INFO  testcase.Cat_Img_VetDetails - Adding pet health details successfully
11:07:27.623 [main] INFO  testcase.Cat_Img_VetDetails - Started adding Vet details
11:07:51.331 [main] INFO  testcase.Cat_Img_VetDetails - Vet details added successfully
11:49:06.814 [main] INFO  testcase.Signin_Existinguser - ***** pop up Accessed successfully *******
11:49:10.302 [main] INFO  testcase.Signin_Existinguser - ***** Log in successfully *******
11:49:10.341 [main] INFO  testcase.Cat_Img_VetDetails - Started adding mypet details
11:49:35.317 [main] INFO  testcase.Cat_Img_VetDetails - Started adding pet health details
11:49:44.779 [main] INFO  testcase.Cat_Img_VetDetails - Started adding Vet details
11:50:15.367 [main] INFO  testcase.Signin_Existinguser - ***** pop up Accessed successfully *******
11:50:18.810 [main] INFO  testcase.Signin_Existinguser - ***** Log in successfully *******
11:50:18.858 [main] INFO  testcase.Cat_Img_VetDetails - Started adding mypet details
11:51:23.667 [main] INFO  testcase.Cat_Img_VetDetails - My pet section has been added successfully
11:51:23.679 [main] INFO  testcase.Cat_Img_VetDetails - Started adding pet health details
11:56:12.370 [main] INFO  testcase.Cat_Img_VetDetails - Adding pet health details successfully
11:56:14.384 [main] INFO  testcase.Cat_Img_VetDetails - Started adding Vet details
11:56:38.307 [main] INFO  testcase.Cat_Img_VetDetails - Vet details added successfully
11:58:49.230 [main] INFO  testcase.Signin_Existinguser - ***** pop up Accessed successfully *******
11:58:52.820 [main] INFO  testcase.Signin_Existinguser - ***** Log in successfully *******
11:58:52.886 [main] INFO  testcase.Cat_Img_VetDetails - Started adding mypet details
11:59:17.981 [main] INFO  testcase.Cat_Img_VetDetails - Started adding pet health details
11:59:27.297 [main] INFO  testcase.Cat_Img_VetDetails - Started adding Vet details
11:59:59.701 [main] INFO  testcase.Signin_Existinguser - ***** pop up Accessed successfully *******
12:00:03.153 [main] INFO  testcase.Signin_Existinguser - ***** Log in successfully *******
12:00:03.207 [main] INFO  testcase.Cat_Img_VetDetails - Started adding mypet details
12:01:08.437 [main] INFO  testcase.Cat_Img_VetDetails - My pet section has been added successfully
12:01:08.444 [main] INFO  testcase.Cat_Img_VetDetails - Started adding pet health details
12:05:56.246 [main] INFO  testcase.Cat_Img_VetDetails - Adding pet health details successfully
12:05:58.261 [main] INFO  testcase.Cat_Img_VetDetails - Started adding Vet details
12:06:22.080 [main] INFO  testcase.Cat_Img_VetDetails - Vet details added successfully
12:08:29.020 [main] INFO  testcase.Signin_Existinguser - ***** pop up Accessed successfully *******
12:08:32.546 [main] INFO  testcase.Signin_Existinguser - ***** Log in successfully *******
12:08:32.585 [main] INFO  testcase.Cat_Img_VetDetails - Started adding mypet details
12:08:57.651 [main] INFO  testcase.Cat_Img_VetDetails - Started adding pet health details
12:09:40.694 [main] INFO  testcase.Signin_Existinguser - ***** pop up Accessed successfully *******
12:09:44.205 [main] INFO  testcase.Signin_Existinguser - ***** Log in successfully *******
12:09:44.246 [main] INFO  testcase.Cat_Img_VetDetails - Started adding mypet details
12:10:49.397 [main] INFO  testcase.Cat_Img_VetDetails - My pet section has been added successfully
12:10:49.408 [main] INFO  testcase.Cat_Img_VetDetails - Started adding pet health details
12:15:35.492 [main] INFO  testcase.Cat_Img_VetDetails - Adding pet health details successfully
12:15:37.510 [main] INFO  testcase.Cat_Img_VetDetails - Started adding Vet details
12:16:02.604 [main] INFO  testcase.Cat_Img_VetDetails - Vet details added successfully
12:31:32.721 [main] INFO  testcase.Signin_Existinguser - ***** pop up Accessed successfully *******
12:31:36.168 [main] INFO  testcase.Signin_Existinguser - ***** Log in successfully *******
12:31:36.202 [main] INFO  testcase.Cat_Img_VetDetails - Started adding mypet details
12:32:41.080 [main] INFO  testcase.Cat_Img_VetDetails - My pet section has been added successfully
12:32:41.092 [main] INFO  testcase.Cat_Img_VetDetails - Started adding pet health details
12:37:31.052 [main] INFO  testcase.Cat_Img_VetDetails - Adding pet health details successfully
12:37:33.061 [main] INFO  testcase.Cat_Img_VetDetails - Started adding Vet details
12:38:00.175 [main] INFO  testcase.Cat_Img_VetDetails - Vet details added successfully
12:44:09.780 [main] INFO  testcase.Signin_Existinguser - ***** pop up Accessed successfully *******
12:44:13.325 [main] INFO  testcase.Signin_Existinguser - ***** Log in successfully *******
12:44:13.356 [main] INFO  testcase.Cat_Img_VetDetails - Started adding mypet details
12:45:17.995 [main] INFO  testcase.Cat_Img_VetDetails - My pet section has been added successfully
12:45:18.012 [main] INFO  testcase.Cat_Img_VetDetails - Started adding pet health details
12:50:07.224 [main] INFO  testcase.Cat_Img_VetDetails - Adding pet health details successfully
12:50:09.238 [main] INFO  testcase.Cat_Img_VetDetails - Started adding Vet details
12:50:36.152 [main] INFO  testcase.Cat_Img_VetDetails - Vet details added successfully
12:53:59.624 [main] INFO  testcase.Signin_Existinguser - ***** pop up Accessed successfully *******
12:54:03.159 [main] INFO  testcase.Signin_Existinguser - ***** Log in successfully *******
12:54:03.204 [main] INFO  testcase.Cat_Img_VetDetails - Started adding mypet details
12:55:07.642 [main] INFO  testcase.Cat_Img_VetDetails - My pet section has been added successfully
12:55:07.652 [main] INFO  testcase.Cat_Img_VetDetails - Started adding pet health details
12:59:56.846 [main] INFO  testcase.Cat_Img_VetDetails - Adding pet health details successfully
12:59:58.872 [main] INFO  testcase.Cat_Img_VetDetails - Started adding Vet details
13:00:25.695 [main] INFO  testcase.Cat_Img_VetDetails - Vet details added successfully
13:05:35.736 [main] INFO  testcase.Signin_Existinguser - ***** pop up Accessed successfully *******
13:05:39.207 [main] INFO  testcase.Signin_Existinguser - ***** Log in successfully *******
13:05:39.250 [main] INFO  testcase.Cat_Img_VetDetails - Started adding mypet details
13:06:43.827 [main] INFO  testcase.Cat_Img_VetDetails - My pet section has been added successfully
13:06:43.839 [main] INFO  testcase.Cat_Img_VetDetails - Started adding pet health details
13:11:30.282 [main] INFO  testcase.Cat_Img_VetDetails - Adding pet health details successfully
13:11:32.302 [main] INFO  testcase.Cat_Img_VetDetails - Started adding Vet details
13:11:59.198 [main] INFO  testcase.Cat_Img_VetDetails - Vet details added successfully
13:13:47.091 [main] INFO  testcase.Cat_Img_VetDetails - Started adding mypet details
13:13:55.195 [main] INFO  testcase.Cat_Img_VetDetails - Started adding pet health details
13:13:59.237 [main] INFO  testcase.Cat_Img_VetDetails - Started adding Vet details
13:17:23.627 [main] INFO  testcase.Signin_Existinguser - ***** pop up Accessed successfully *******
13:17:27.100 [main] INFO  testcase.Signin_Existinguser - ***** Log in successfully *******
13:17:27.138 [main] INFO  testcase.Cat_Img_VetDetails - Started adding mypet details
13:17:46.076 [main] INFO  testcase.Cat_Img_VetDetails - Started adding pet health details
13:17:55.459 [main] INFO  testcase.Cat_Img_VetDetails - Started adding Vet details
13:57:31.049 [main] INFO  testcase.Signin_Existinguser - ***** pop up Accessed successfully *******
13:57:34.408 [main] INFO  testcase.Signin_Existinguser - ***** Log in successfully *******
13:57:34.443 [main] INFO  testcase.Cat_Img_VetDetails - Started adding mypet details
13:58:39.251 [main] INFO  testcase.Cat_Img_VetDetails - My pet section has been added successfully
13:58:39.262 [main] INFO  testcase.Cat_Img_VetDetails - Started adding pet health details
14:03:25.391 [main] INFO  testcase.Cat_Img_VetDetails - Adding pet health details successfully
14:03:27.413 [main] INFO  testcase.Cat_Img_VetDetails - Started adding Vet details
14:03:59.207 [main] INFO  testcase.Cat_Img_VetDetails - Vet details added successfully
14:09:06.039 [main] INFO  testcase.Signin_Existinguser - ***** pop up Accessed successfully *******
14:09:09.549 [main] INFO  testcase.Signin_Existinguser - ***** Log in successfully *******
14:10:35.100 [main] INFO  testcase.Add_Cat_None - pet details added successfully by selecting None
14:12:52.324 [main] INFO  testcase.Signin_Existinguser - ***** pop up Accessed successfully *******
14:12:55.779 [main] INFO  testcase.Signin_Existinguser - ***** Log in successfully *******
14:12:55.814 [main] INFO  testcase.Cat_Img_VetDetails - Started adding mypet details
14:14:00.650 [main] INFO  testcase.Cat_Img_VetDetails - My pet section has been added successfully
14:14:00.656 [main] INFO  testcase.Cat_Img_VetDetails - Started adding pet health details
14:19:03.714 [main] INFO  testcase.Cat_Img_VetDetails - Adding pet health details successfully
14:19:05.720 [main] INFO  testcase.Cat_Img_VetDetails - Started adding Vet details
14:19:38.454 [main] INFO  testcase.Cat_Img_VetDetails - Vet details added successfully
14:31:31.199 [main] INFO  testcase.Signin_Existinguser - ***** pop up Accessed successfully *******
14:31:35.224 [main] INFO  testcase.Signin_Existinguser - ***** Log in successfully *******
14:31:35.300 [main] INFO  testcase.Cat_Img_VetDetails - Started adding mypet details
14:32:42.317 [main] INFO  testcase.Cat_Img_VetDetails - My pet section has been added successfully
14:32:42.327 [main] INFO  testcase.Cat_Img_VetDetails - Started adding pet health details
14:37:55.117 [main] INFO  testcase.Cat_Img_VetDetails - Adding pet health details successfully
14:37:57.124 [main] INFO  testcase.Cat_Img_VetDetails - Started adding Vet details
14:38:30.325 [main] INFO  testcase.Cat_Img_VetDetails - Vet details added successfully
15:06:21.175 [main] INFO  testcase.Signin_Existinguser - ***** pop up Accessed successfully *******
15:06:25.153 [main] INFO  testcase.Signin_Existinguser - ***** Log in successfully *******
15:06:25.239 [main] INFO  testcase.Cat_only_Image - Started adding mypet details
15:07:32.857 [main] INFO  testcase.Cat_only_Image - My pet section has been added successfully
15:07:32.869 [main] INFO  testcase.Cat_only_Image - Started adding pet health details
15:12:43.950 [main] INFO  testcase.Cat_only_Image - Added pet health details successfully
15:15:56.131 [main] INFO  testcase.Signin_Existinguser - ***** pop up Accessed successfully *******
15:16:00.062 [main] INFO  testcase.Signin_Existinguser - ***** Log in successfully *******
15:16:00.099 [main] INFO  testcase.Cat_only_Image - Started adding mypet details
15:17:07.895 [main] INFO  testcase.Cat_only_Image - My pet section has been added successfully
15:17:07.924 [main] INFO  testcase.Cat_only_Image - Started adding pet health details
15:22:16.960 [main] INFO  testcase.Cat_only_Image - Added pet health details successfully
15:29:25.085 [main] INFO  testcase.Signin_Existinguser - ***** pop up Accessed successfully *******
15:29:29.062 [main] INFO  testcase.Signin_Existinguser - ***** Log in successfully *******
15:29:29.111 [main] INFO  testcase.Cat_only_Image - Started adding mypet details
15:30:35.171 [main] INFO  testcase.Cat_only_Image - My pet section has been added successfully
15:30:35.185 [main] INFO  testcase.Cat_only_Image - Started adding pet health details
15:35:41.008 [main] INFO  testcase.Cat_only_Image - Added pet health details successfully
15:43:44.494 [main] INFO  testcase.Signin_Existinguser - ***** pop up Accessed successfully *******
15:43:48.259 [main] INFO  testcase.Signin_Existinguser - ***** Log in successfully *******
15:43:48.332 [main] INFO  testcase.Cat_Img_VetDetails - Started adding mypet details
15:44:59.501 [main] INFO  testcase.Cat_Img_VetDetails - My pet section has been added successfully
15:44:59.528 [main] INFO  testcase.Cat_only_Image - Started adding mypet details
15:45:07.654 [main] INFO  testcase.Cat_Img_VetDetails - Started adding pet health details
15:50:15.960 [main] INFO  testcase.Cat_Img_VetDetails - Added pet health details successfully
15:50:15.968 [main] INFO  testcase.Cat_only_Image - Started adding pet health details
15:51:10.044 [main] INFO  testcase.Cat_Img_VetDetails - Started adding Vet details
15:51:38.024 [main] INFO  testcase.Cat_Img_VetDetails - Vet details added successfully
15:51:53.938 [main] INFO  testcase.Cat_Img_VetDetails - Pet added successfully with image & Vet details
15:55:10.887 [main] INFO  testcase.Signin_Existinguser - ***** pop up Accessed successfully *******
15:55:14.381 [main] INFO  testcase.Signin_Existinguser - ***** Log in successfully *******
15:55:14.417 [main] INFO  testcase.Cat_Img_VetDetails - Started adding mypet details
15:56:25.292 [main] INFO  testcase.Cat_Img_VetDetails - My pet section has been added successfully
15:56:25.298 [main] INFO  testcase.Cat_only_Image - Started adding mypet details
15:56:29.404 [main] INFO  testcase.Cat_Img_VetDetails - Started adding pet health details
16:01:41.260 [main] INFO  testcase.Cat_Img_VetDetails - Added pet health details successfully
16:01:41.267 [main] INFO  testcase.Cat_only_Image - Started adding pet health details
16:02:35.339 [main] INFO  testcase.Cat_Img_VetDetails - Started adding Vet details
16:03:03.291 [main] INFO  testcase.Cat_Img_VetDetails - Vet details added successfully
16:03:21.251 [main] INFO  testcase.Cat_Img_VetDetails - Pet added successfully with image & Vet details
16:04:09.854 [main] INFO  testcase.Cat_Img_VetDetails - Started adding mypet details
16:04:17.995 [main] INFO  testcase.Cat_Img_VetDetails - Started adding pet health details
16:04:22.049 [main] INFO  testcase.Cat_Img_VetDetails - Started adding Vet details
16:04:41.540 [main] INFO  testcase.Cat_Img_VetDetails - Started adding mypet details
16:04:49.632 [main] INFO  testcase.Cat_Img_VetDetails - Started adding pet health details
16:04:53.688 [main] INFO  testcase.Cat_Img_VetDetails - Started adding Vet details
16:05:31.908 [main] INFO  testcase.Signin_Existinguser - ***** pop up Accessed successfully *******
16:05:35.869 [main] INFO  testcase.Signin_Existinguser - ***** Log in successfully *******
16:05:35.921 [main] INFO  testcase.Cat_Img_VetDetails - Started adding mypet details
16:06:48.109 [main] INFO  testcase.Cat_Img_VetDetails - My pet section has been added successfully
16:06:48.121 [main] INFO  testcase.Cat_only_Image - Started adding mypet details
16:06:52.229 [main] INFO  testcase.Cat_Img_VetDetails - Started adding pet health details
16:12:05.558 [main] INFO  testcase.Cat_Img_VetDetails - Added pet health details successfully
16:12:05.563 [main] INFO  testcase.Cat_only_Image - Started adding pet health details
16:12:59.659 [main] INFO  testcase.Cat_Img_VetDetails - Started adding Vet details
16:13:28.131 [main] INFO  testcase.Cat_Img_VetDetails - Vet details added successfully
16:13:50.303 [main] INFO  testcase.Cat_Img_VetDetails - Pet added successfully with image & Vet details
16:16:32.282 [main] INFO  testcase.Signin_Existinguser - ***** pop up Accessed successfully *******
16:16:36.090 [main] INFO  testcase.Signin_Existinguser - ***** Log in successfully *******
16:16:36.127 [main] INFO  testcase.Cat_Img_VetDetails - Started adding mypet details
16:17:46.872 [main] INFO  testcase.Cat_Img_VetDetails - My pet section has been added successfully
16:17:46.883 [main] INFO  testcase.Cat_only_Image - Started adding mypet details
16:17:54.981 [main] INFO  testcase.Cat_Img_VetDetails - Started adding pet health details
16:23:06.151 [main] INFO  testcase.Cat_Img_VetDetails - Added pet health details successfully
16:23:06.159 [main] INFO  testcase.Cat_only_Image - Started adding pet health details
16:24:00.234 [main] INFO  testcase.Cat_Img_VetDetails - Started adding Vet details
16:24:28.243 [main] INFO  testcase.Cat_Img_VetDetails - Vet details added successfully
16:24:50.420 [main] INFO  testcase.Cat_Img_VetDetails - Pet added successfully with image & Vet details
17:35:12.211 [main] INFO  testcase.Signin_Existinguser - ***** pop up Accessed successfully *******
17:35:16.084 [main] INFO  testcase.Signin_Existinguser - ***** Log in successfully *******
17:35:16.129 [main] INFO  testcase.Cat_Img_VetDetails - Started adding mypet details
17:36:24.360 [main] INFO  testcase.Cat_Img_VetDetails - My pet section has been added successfully
17:36:24.370 [main] INFO  testcase.Cat_only_Image - Started adding mypet details
17:36:32.452 [main] INFO  testcase.Cat_Img_VetDetails - Started adding pet health details
17:41:21.030 [main] INFO  testcase.Cat_Img_VetDetails - Added pet health details successfully
17:41:21.034 [main] INFO  testcase.Cat_only_Image - Started adding pet health details
17:42:15.170 [main] INFO  testcase.Cat_Img_VetDetails - Started adding Vet details
17:42:42.068 [main] INFO  testcase.Cat_Img_VetDetails - Vet details added successfully
17:43:03.231 [main] INFO  testcase.Cat_Img_VetDetails - Pet added successfully with image & Vet details
17:49:12.567 [main] INFO  testcase.Signin_Existinguser - ***** pop up Accessed successfully *******
17:49:16.068 [main] INFO  testcase.Signin_Existinguser - ***** Log in successfully *******
17:49:16.114 [main] INFO  testcase.Cat_only_Image - Started adding mypet details
17:50:10.169 [main] INFO  testcase.Cat_only_Image - My pet section has been added successfully
17:50:10.182 [main] INFO  testcase.Cat_Img_VetDetails - Started adding mypet details
17:50:18.280 [main] INFO  testcase.Cat_only_Image - Started adding pet health details
17:55:06.262 [main] INFO  testcase.Cat_only_Image - Added pet health details successfully
17:55:17.085 [main] INFO  testcase.Cat_only_Image - Pet added successfully
17:55:17.090 [main] INFO  testcase.Cat_Img_VetDetails - Started adding pet health details
17:56:11.187 [main] INFO  testcase.Cat_Img_VetDetails - Started adding Vet details
17:58:11.089 [main] INFO  testcase.Signin_Existinguser - ***** pop up Accessed successfully *******
17:58:14.541 [main] INFO  testcase.Signin_Existinguser - ***** Log in successfully *******
17:58:14.607 [main] INFO  testcase.Cat_Img_VetDetails - Started adding mypet details
17:59:12.115 [main] INFO  testcase.Cat_Img_VetDetails - My pet section has been added successfully
17:59:12.133 [main] INFO  testcase.Cat_Img_VetDetails - Started adding pet health details
18:04:01.562 [main] INFO  testcase.Cat_Img_VetDetails - Added pet health details successfully
18:04:03.577 [main] INFO  testcase.Cat_Img_VetDetails - Started adding Vet details
18:04:30.454 [main] INFO  testcase.Cat_Img_VetDetails - Vet details added successfully
18:04:52.259 [main] INFO  testcase.Cat_Img_VetDetails - Pet added successfully with image & Vet details
18:04:52.264 [main] INFO  testcase.Cat_only_Image - Started adding mypet details
18:05:53.585 [main] INFO  testcase.Cat_only_Image - Started adding pet health details
18:08:20.670 [main] INFO  testcase.Signin_Existinguser - ***** pop up Accessed successfully *******
18:08:24.148 [main] INFO  testcase.Signin_Existinguser - ***** Log in successfully *******
18:08:24.187 [main] INFO  testcase.Cat_Img_VetDetails - Started adding mypet details
18:09:21.873 [main] INFO  testcase.Cat_Img_VetDetails - My pet section has been added successfully
18:09:21.889 [main] INFO  testcase.Cat_Img_VetDetails - Started adding pet health details
18:14:09.881 [main] INFO  testcase.Cat_Img_VetDetails - Added pet health details successfully
18:14:11.895 [main] INFO  testcase.Cat_Img_VetDetails - Started adding Vet details
18:14:39.123 [main] INFO  testcase.Cat_Img_VetDetails - Vet details added successfully
18:15:00.751 [main] INFO  testcase.Cat_Img_VetDetails - Pet added successfully with image & Vet details
18:15:08.764 [main] INFO  testcase.Cat_only_Image - Started adding mypet details
18:15:54.546 [main] INFO  testcase.Cat_only_Image - My pet section has been added successfully
18:15:54.563 [main] INFO  testcase.Cat_only_Image - Started adding pet health details
18:20:45.963 [main] INFO  testcase.Cat_only_Image - Added pet health details successfully
18:20:56.767 [main] INFO  testcase.Cat_only_Image - Pet added successfully
18:38:24.775 [main] INFO  testcase.Signin_Existinguser - ***** pop up Accessed successfully *******
18:38:28.234 [main] INFO  testcase.Signin_Existinguser - ***** Log in successfully *******
18:38:34.083 [main] INFO  testcase.Add_Pet_btn - Add pet button clicked successfully
18:39:58.527 [main] INFO  testcase.Add_Cat_None - pet details added successfully by selecting None
18:39:58.534 [main] INFO  testcase.Cat_Img_VetDetails - Started adding mypet details
18:40:56.057 [main] INFO  testcase.Cat_Img_VetDetails - My pet section has been added successfully
18:40:56.066 [main] INFO  testcase.Cat_Img_VetDetails - Started adding pet health details
18:45:45.600 [main] INFO  testcase.Cat_Img_VetDetails - Added pet health details successfully
18:45:47.625 [main] INFO  testcase.Cat_Img_VetDetails - Started adding Vet details
18:46:14.713 [main] INFO  testcase.Cat_Img_VetDetails - Vet details added successfully
18:46:37.323 [main] INFO  testcase.Cat_Img_VetDetails - Pet added successfully with image & Vet details
18:46:45.341 [main] INFO  testcase.Cat_only_Image - Started adding mypet details
18:47:31.130 [main] INFO  testcase.Cat_only_Image - My pet section has been added successfully
18:47:31.137 [main] INFO  testcase.Cat_only_Image - Started adding pet health details
18:52:22.423 [main] INFO  testcase.Cat_only_Image - Added pet health details successfully
18:52:32.888 [main] INFO  testcase.Cat_only_Image - Pet added successfully
18:52:32.891 [main] INFO  testcase.Cat_Vetdetails - Started adding mypet details
18:53:04.110 [main] INFO  testcase.Cat_Vetdetails - My pet section has been added successfully
18:53:04.118 [main] INFO  testcase.Cat_Vetdetails - Started adding pet health details
18:57:56.240 [main] INFO  testcase.Cat_Vetdetails - Added pet health details successfully
18:57:58.259 [main] INFO  testcase.Cat_Vetdetails - Started adding Vet details
18:58:25.404 [main] INFO  testcase.Cat_Vetdetails - Vet details added successfully
18:58:34.635 [main] INFO  testcase.Cat_Vetdetails - Pet added successfully with image & Vet details
10:55:12.435 [main] INFO  testcase.Signin_Existinguser - ***** pop up Accessed successfully *******
10:55:16.129 [main] INFO  testcase.Signin_Existinguser - ***** Log in successfully *******
10:55:22.338 [main] INFO  testcase.Add_Pet_btn - Add pet button clicked successfully
10:56:50.219 [main] INFO  testcase.Add_Cat_None - pet details added successfully by selecting None
10:56:50.228 [main] INFO  testcase.Cat_Img_VetDetails - Started adding mypet details
10:57:49.611 [main] INFO  testcase.Cat_Img_VetDetails - My pet section has been added successfully
10:57:49.621 [main] INFO  testcase.Cat_Img_VetDetails - Started adding pet health details
11:03:01.776 [main] INFO  testcase.Cat_Img_VetDetails - Added pet health details successfully
11:03:03.795 [main] INFO  testcase.Cat_Img_VetDetails - Started adding Vet details
11:03:31.707 [main] INFO  testcase.Cat_Img_VetDetails - Vet details added successfully
11:03:54.365 [main] INFO  testcase.Cat_Img_VetDetails - Pet added successfully with image & Vet details
11:04:02.383 [main] INFO  testcase.Cat_only_Image - Started adding mypet details
11:04:50.281 [main] INFO  testcase.Cat_only_Image - My pet section has been added successfully
11:04:50.295 [main] INFO  testcase.Cat_only_Image - Started adding pet health details
11:10:05.472 [main] INFO  testcase.Cat_only_Image - Added pet health details successfully
11:10:17.807 [main] INFO  testcase.Cat_only_Image - Pet added successfully
11:10:17.811 [main] INFO  testcase.Cat_Vetdetails - Started adding mypet details
11:10:50.738 [main] INFO  testcase.Cat_Vetdetails - My pet section has been added successfully
11:10:50.745 [main] INFO  testcase.Cat_Vetdetails - Started adding pet health details
11:16:05.026 [main] INFO  testcase.Cat_Vetdetails - Added pet health details successfully
11:16:07.043 [main] INFO  testcase.Cat_Vetdetails - Started adding Vet details
11:16:35.261 [main] INFO  testcase.Cat_Vetdetails - Vet details added successfully
11:16:44.469 [main] INFO  testcase.Cat_Vetdetails - Pet added successfully with image & Vet details
11:17:59.308 [main] INFO  testcase.Edit_CatDetails - pet edited successfully from homepage
11:19:17.628 [main] INFO  testcase.Edit_CatDetails - pet edited successfully from view pet portal page
11:20:44.802 [main] INFO  testcase.Share_Cat_Profile_Public - public cat profile is successfull
11:23:38.341 [main] INFO  testcase.Register_Sample_Cat_Gut - Gut sample registration process has been started
11:24:32.425 [main] INFO  testcase.Register_Sample_Cat_Oral - Oral sample registration process has been started
11:26:34.799 [main] INFO  testcase.Signin_Existinguser - ***** pop up Accessed successfully *******
11:26:38.759 [main] INFO  testcase.Signin_Existinguser - ***** Log in successfully *******
11:28:05.587 [main] INFO  testcase.Share_Cat_Profile_Public - public cat profile is successfull
11:28:43.586 [main] INFO  testcase.Deactivate_Cat - deactivated the pet in grid view
11:29:16.145 [main] INFO  testcase.Deactivate_Cat - deactivated the pet in list view
11:30:02.503 [main] INFO  testcase.Deactivate_Cat -  view deactivated the pet in grid view
11:30:40.177 [main] INFO  testcase.Register_Sample_Cat_Gut - Gut sample registration process has been started
11:30:44.271 [main] INFO  testcase.Register_Sample_Cat_Oral - Oral sample registration process has been started
11:30:48.377 [main] INFO  testcase.My_Account_Register_Oralsample - Oral sample registration process has been started
11:31:16.417 [main] INFO  testcase.Userprofile_assesments - Assesements by default is updated
11:31:44.478 [main] INFO  testcase.Userprofile_pswd - password is updated succesfully
11:31:56.382 [main] INFO  testcase.List_Grid_views - successfully clicked on listview
11:32:01.665 [main] INFO  testcase.List_Grid_views - successfully clicked on gridview
11:32:20.209 [main] INFO  testcase.Userprofile_searchbtn - Search button is clicked succesfully
11:32:27.693 [main] INFO  testcase.Userprofile_addpet - Add pet button clicked successfully
11:32:58.685 [main] INFO  testcase.Userprofile_pagination - paginations are clicked successfully
11:33:29.587 [main] INFO  testcase.Userprofile_gridview - view pet details is successfull
11:34:08.521 [main] INFO  testcase.Userprofile_gridview - Edit pet details is successfull
11:34:33.228 [main] INFO  testcase.Userprofile_gridview - pet deleted successfully
11:37:27.918 [main] INFO  testcase.Signin_Existinguser - ***** pop up Accessed successfully *******
11:37:31.765 [main] INFO  testcase.Signin_Existinguser - ***** Log in successfully *******
11:37:59.202 [main] INFO  testcase.Register_Sample_Cat_Gut - Gut sample registration process has been started
11:38:03.254 [main] INFO  testcase.Register_Sample_Cat_Oral - Oral sample registration process has been started
11:38:07.301 [main] INFO  testcase.My_Account_Register_Oralsample - Oral sample registration process has been started
11:39:18.672 [main] INFO  testcase.Signin_Existinguser - ***** pop up Accessed successfully *******
11:39:22.432 [main] INFO  testcase.Signin_Existinguser - ***** Log in successfully *******
11:40:48.347 [main] INFO  testcase.Share_Cat_Profile_Public - public cat profile is successfull
11:41:25.494 [main] INFO  testcase.Deactivate_Cat - deactivated the pet in grid view
11:41:57.339 [main] INFO  testcase.Deactivate_Cat - deactivated the pet in list view
11:42:42.862 [main] INFO  testcase.Deactivate_Cat -  view deactivated the pet in grid view
11:43:19.721 [main] INFO  testcase.Register_Sample_Cat_Gut - Gut sample registration process has been started
11:43:23.766 [main] INFO  testcase.Register_Sample_Cat_Oral - Oral sample registration process has been started
11:43:27.850 [main] INFO  testcase.My_Account_Register_Oralsample - Oral sample registration process has been started
11:43:55.515 [main] INFO  testcase.Userprofile_assesments - Assesements by default is updated
11:46:55.718 [main] INFO  testcase.Signin_Existinguser - ***** pop up Accessed successfully *******
11:46:59.246 [main] INFO  testcase.Signin_Existinguser - ***** Log in successfully *******
11:47:30.212 [main] INFO  testcase.Deactivate_Cat - deactivated the pet in grid view
11:48:02.036 [main] INFO  testcase.Deactivate_Cat - deactivated the pet in list view
11:48:47.375 [main] INFO  testcase.Deactivate_Cat -  view deactivated the pet in grid view
11:54:02.548 [main] INFO  testcase.Signin_Existinguser - ***** pop up Accessed successfully *******
11:54:06.051 [main] INFO  testcase.Signin_Existinguser - ***** Log in successfully *******
11:54:36.871 [main] INFO  testcase.Deactivate_Cat - deactivated the pet in grid view
11:55:08.724 [main] INFO  testcase.Deactivate_Cat - deactivated the pet in list view
11:55:54.120 [main] INFO  testcase.Deactivate_Cat -  view deactivated the pet in grid view
11:56:42.257 [main] INFO  testcase.Deactivate_Cat -  view deactivated the pet in list view
11:57:40.281 [main] INFO  testcase.Deactivate_Cat -  clicked on all reports for deactivated  pet 
12:00:34.355 [main] INFO  testcase.Signin_Existinguser - ***** pop up Accessed successfully *******
12:00:37.734 [main] INFO  testcase.Signin_Existinguser - ***** Log in successfully *******
12:02:03.571 [main] INFO  testcase.RegisterSample_Addpet_Cat - pet details added successfully
12:02:07.585 [main] INFO  testcase.Register_Sample_Cat_Gut - Gut sample registration process has been started
12:03:15.090 [main] INFO  testcase.Register_Sample_Cat_Gut - Gut sample registration process has been completed
12:03:19.105 [main] INFO  testcase.Register_Sample_Cat_Oral - Oral sample registration process has been started
12:04:20.933 [main] INFO  testcase.Register_Sample_Cat_Oral - Oral sample registration process has been completed
12:04:24.940 [main] INFO  testcase.My_Account_Register_Oralsample - Oral sample registration process has been started
12:07:50.536 [main] INFO  testcase.Signin_Existinguser - ***** pop up Accessed successfully *******
12:07:54.083 [main] INFO  testcase.Signin_Existinguser - ***** Log in successfully *******
12:07:58.117 [main] INFO  testcase.My_Account_Register_Oralsample - Oral sample registration process has been started
12:09:03.628 [main] INFO  testcase.My_Account_Register_Oralsample - Oral sample registration process has been completed
